<?xml version="1.0" encoding="UTF-8"?>
<!-- Generated by org.testng.reporters.JUnitReportReporter -->
<testsuite hostname="DESKTOP-GNV727D" failures="0" tests="1" name="TestNGFramework.demo1.VerifySignUpTestCases" time="23.863" errors="0" timestamp="2022-08-30T02:54:43 GMT-07:00" skipped="0">
  <testcase classname="TestNGFramework.demo1.VerifySignUpTestCases" name="SignUp" time="23.863"/>
  <system-out/>
</testsuite> <!-- TestNGFramework.demo1.VerifySignUpTestCases -->
