<?xml version="1.0" encoding="UTF-8"?>
<!-- Generated by org.testng.reporters.JUnitReportReporter -->
<testsuite hostname="DESKTOP-GNV727D" failures="0" tests="1" name="TestNGFramework.demo1.VerifiLoginTestCases" time="6.352" errors="0" timestamp="2022-08-30T02:19:37 GMT-07:00" skipped="0">
  <testcase classname="TestNGFramework.demo1.VerifiLoginTestCases" name="login" time="6.352"/>
  <system-out/>
</testsuite> <!-- TestNGFramework.demo1.VerifiLoginTestCases -->
